/home/alexandr/.rvm/rubies/ruby-1.9.3-p551/bin/ruby -r ./siteconf20141119-5353-bs5h2x.rb extconf.rb 
checking for ruby/thread.h... no
checking for rb_thread_blocking_region()... yes
checking for rb_wait_for_single_fd()... yes
checking for rb_hash_dup()... yes
checking for rb_intern3()... yes
-----
Using mysql_config at /usr/bin/mysql_config
-----
checking for mysql.h... yes
checking for errmsg.h... yes
checking for mysqld_error.h... yes
-----
Setting libpath to /usr/lib/x86_64-linux-gnu
-----
creating Makefile

make  clean

make
compiling client.c
compiling result.c
result.c: В функции «msec_char_to_uint»:
result.c:186:17: предупреждение: сравнение знакового и беззнакового целых выражений [-Wsign-compare]
compiling infile.c
compiling mysql2_ext.c
linking shared-object mysql2/mysql2.so

make  install
/usr/bin/install -m 0755 mysql2.so .gem.20141119-5353-17ej9lv/mysql2
installing default mysql2 libraries
